<?xml version="1.0" encoding="UTF-8"?>
<!-- Generated by org.testng.reporters.JUnitXMLReporter -->
<testsuite hostname="192.168.1.6" name="com.test" tests="16" failures="4" timestamp="24 Dec 2018 12:48:55 GMT" time="3.57" errors="0">
  <testcase name="@BeforeClass initializeTestBaseSetup" time="0.0" classname="TestDemo.BasePageTest">
    <failure type="org.testng.TestNGException" message="
Parameter &amp;apos;browserType&amp;apos; is required by @Configuration on method initializeTestBaseSetup but has not been marked @Optional or defined
in /Users/caomengmeng/Library/Caches/IntelliJIdea2018.3/temp-testng-customsuite.xml">
      <![CDATA[org.testng.TestNGException: 
Parameter 'browserType' is required by @Configuration on method initializeTestBaseSetup but has not been marked @Optional or defined
in /Users/caomengmeng/Library/Caches/IntelliJIdea2018.3/temp-testng-customsuite.xml
... Removed 20 stack frames]]>
    </failure>
  </testcase> <!-- @BeforeClass initializeTestBaseSetup -->
  <testcase name="@BeforeClass setUp" time="0.0" classname="TestDemo.BasePageTest">
    <skipped/>
  </testcase> <!-- @BeforeClass setUp -->
  <testcase name="@AfterClass tearDown" time="0.0" classname="TestDemo.BasePageTest">
    <skipped/>
  </testcase> <!-- @AfterClass tearDown -->
  <testcase name="@BeforeClass initializeTestBaseSetup" time="0.0" classname="TestDemo.CreateAccountTest">
    <skipped/>
  </testcase> <!-- @BeforeClass initializeTestBaseSetup -->
  <testcase name="@BeforeClass setUp" time="0.0" classname="TestDemo.CreateAccountTest">
    <skipped/>
  </testcase> <!-- @BeforeClass setUp -->
  <testcase name="@AfterClass tearDown" time="0.0" classname="TestDemo.CreateAccountTest">
    <skipped/>
  </testcase> <!-- @AfterClass tearDown -->
  <testcase name="test03" time="0.058" classname="TestDemo.MySeleniumTest1">
    <failure type="java.lang.AssertionError" message="expected [true] but found [false]">
      <![CDATA[java.lang.AssertionError: expected [true] but found [false]
	at TestDemo.MySeleniumTest1.test03(MySeleniumTest1.java:41)
... Removed 27 stack frames]]>
    </failure>
  </testcase> <!-- test03 -->
  <testcase name="test05" time="0.001" classname="TestDemo.MySeleniumTest1">
    <failure type="java.lang.AssertionError" message="expected [true] but found [false]">
      <![CDATA[java.lang.AssertionError: expected [true] but found [false]
	at TestDemo.MySeleniumTest1.test05(MySeleniumTest1.java:52)
... Removed 27 stack frames]]>
    </failure>
  </testcase> <!-- test05 -->
  <testcase name="testcase1" time="3.425" classname="TestDemo.MySeleniumTest1"/>
  <testcase name="testcase2" time="0.0" classname="TestDemo.MySeleniumTest1"/>
  <testcase name="baseTest1" time="0.0" classname="TestDemo.BasePageTest">
    <skipped/>
  </testcase> <!-- baseTest1 -->
  <testcase name="baseTest2" time="0.001" classname="TestDemo.BasePageTest">
    <skipped/>
  </testcase> <!-- baseTest2 -->
  <testcase name="baseTest3" time="0.0" classname="TestDemo.BasePageTest">
    <skipped/>
  </testcase> <!-- baseTest3 -->
  <testcase name="verifyHomePage" time="0.001" classname="TestDemo.BasePageTest">
    <skipped/>
  </testcase> <!-- verifyHomePage -->
  <testcase name="test04" time="0.001" classname="TestDemo.MySeleniumTest1"/>
  <testcase name="createAccountExample1" time="0.001" classname="TestDemo.CreateAccountTest">
    <skipped/>
  </testcase> <!-- createAccountExample1 -->
  <testcase name="createAccountExample2" time="0.0" classname="TestDemo.CreateAccountTest">
    <skipped/>
  </testcase> <!-- createAccountExample2 -->
  <testcase name="verifyCreateAnAccountPage" time="0.0" classname="TestDemo.CreateAccountTest">
    <skipped/>
  </testcase> <!-- verifyCreateAnAccountPage -->
  <testcase name="shouldAnswerWithTrue" time="0.0" classname="TestDemo.AppTest"/>
  <testcase name="logDemo" time="0.001" classname="TestDemo.ExtentDemo">
    <failure type="java.lang.RuntimeException" message="our own exception">
      <![CDATA[java.lang.RuntimeException: our own exception
	at TestDemo.ExtentDemo.logDemo(ExtentDemo.java:22)
... Removed 23 stack frames]]>
    </failure>
  </testcase> <!-- logDemo -->
  <testcase name="test1" time="0.001" classname="TestDemo.ExtentDemo">
    <failure type="java.lang.AssertionError" message="expected [true] but found [false]">
      <![CDATA[java.lang.AssertionError: expected [true] but found [false]
	at TestDemo.ExtentDemo.test1(ExtentDemo.java:11)
... Removed 27 stack frames]]>
    </failure>
  </testcase> <!-- test1 -->
  <testcase name="test2" time="0.001" classname="TestDemo.ExtentDemo"/>
</testsuite> <!-- com.test -->
