<html>
<head>
<title>TestNG:  com.test</title>
<link href="../testng.css" rel="stylesheet" type="text/css" />
<link href="../my-testng.css" rel="stylesheet" type="text/css" />

<style type="text/css">
.log { display: none;} 
.stack-trace { display: none;} 
</style>
<script type="text/javascript">
<!--
function flip(e) {
  current = e.style.display;
  if (current == 'block') {
    e.style.display = 'none';
    return 0;
  }
  else {
    e.style.display = 'block';
    return 1;
  }
}

function toggleBox(szDivId, elem, msg1, msg2)
{
  var res = -1;  if (document.getElementById) {
    res = flip(document.getElementById(szDivId));
  }
  else if (document.all) {
    // this is the way old msie versions work
    res = flip(document.all[szDivId]);
  }
  if(elem) {
    if(res == 0) elem.innerHTML = msg1; else elem.innerHTML = msg2;
  }

}

function toggleAllBoxes() {
  if (document.getElementsByTagName) {
    d = document.getElementsByTagName('div');
    for (i = 0; i < d.length; i++) {
      if (d[i].className == 'log') {
        flip(d[i]);
      }
    }
  }
}

// -->
</script>

</head>
<body>
<h2 align='center'>com.test</h2><table border='1' align="center">
<tr>
<td>Tests passed/Failed/Skipped:</td><td>5/4/7</td>
</tr><tr>
<td>Started on:</td><td>Mon Dec 24 20:48:52 CST 2018</td>
</tr>
<tr><td>Total time:</td><td>3 seconds (3570 ms)</td>
</tr><tr>
<td>Included groups:</td><td></td>
</tr><tr>
<td>Excluded groups:</td><td></td>
</tr>
</table><p/>
<small><i>(Hover the method name to see the test class name)</i></small><p/>
<table width='100%' border='1' class='invocation-failed'>
<tr><td colspan='4' align='center'><b>FAILED CONFIGURATIONS</b></td></tr>
<tr><td><b>Test method</b></td>
<td width="30%"><b>Exception</b></td>
<td width="10%"><b>Time (seconds)</b></td>
<td><b>Instance</b></td>
</tr>
<tr>
<td title='TestDemo.BasePageTest.initializeTestBaseSetup()'><b>initializeTestBaseSetup</b><br>Test class: TestDemo.BasePageTest</td>
<td><div><pre>org.testng.TestNGException: 
Parameter &apos;browserType&apos; is required by @Configuration on method initializeTestBaseSetup but has not been marked @Optional or defined
in /Users/caomengmeng/Library/Caches/IntelliJIdea2018.3/temp-testng-customsuite.xml
... Removed 20 stack frames</pre></div><a href='#' onClick='toggleBox("stack-trace637241618", this, "Click to show all stack frames", "Click to hide stack frames")'>Click to show all stack frames</a>
<div class='stack-trace' id='stack-trace637241618'><pre>org.testng.TestNGException: 
Parameter &apos;browserType&apos; is required by @Configuration on method initializeTestBaseSetup but has not been marked @Optional or defined
in /Users/caomengmeng/Library/Caches/IntelliJIdea2018.3/temp-testng-customsuite.xml
	at org.testng.internal.Parameters.createParameters(Parameters.java:154)
	at org.testng.internal.Parameters.createParameters(Parameters.java:361)
	at org.testng.internal.Parameters.createConfigurationParameters(Parameters.java:84)
	at org.testng.internal.Invoker.invokeConfigurations(Invoker.java:201)
	at org.testng.internal.Invoker.invokeConfigurations(Invoker.java:142)
	at org.testng.internal.TestMethodWorker.invokeBeforeClassMethods(TestMethodWorker.java:178)
	at org.testng.internal.TestMethodWorker.run(TestMethodWorker.java:108)
	at org.testng.TestRunner.privateRun(TestRunner.java:782)
	at org.testng.TestRunner.run(TestRunner.java:632)
	at org.testng.SuiteRunner.runTest(SuiteRunner.java:366)
	at org.testng.SuiteRunner.runSequentially(SuiteRunner.java:361)
	at org.testng.SuiteRunner.privateRun(SuiteRunner.java:319)
	at org.testng.SuiteRunner.run(SuiteRunner.java:268)
	at org.testng.SuiteRunnerWorker.runSuite(SuiteRunnerWorker.java:52)
	at org.testng.SuiteRunnerWorker.run(SuiteRunnerWorker.java:86)
	at org.testng.TestNG.runSuitesSequentially(TestNG.java:1244)
	at org.testng.TestNG.runSuitesLocally(TestNG.java:1169)
	at org.testng.TestNG.run(TestNG.java:1064)
	at org.testng.IDEARemoteTestNG.run(IDEARemoteTestNG.java:73)
	at org.testng.RemoteTestNGStarter.main(RemoteTestNGStarter.java:123)
</pre></div></td>
<td>0</td>
<td>TestDemo.BasePageTest@d041cf</td></tr>
</table><p>
<table width='100%' border='1' class='invocation-skipped'>
<tr><td colspan='4' align='center'><b>SKIPPED CONFIGURATIONS</b></td></tr>
<tr><td><b>Test method</b></td>
<td width="30%"><b>Exception</b></td>
<td width="10%"><b>Time (seconds)</b></td>
<td><b>Instance</b></td>
</tr>
<tr>
<td title='TestDemo.BasePageTest.setUp()'><b>setUp</b><br>Test class: TestDemo.BasePageTest</td>
<td></td>
<td>0</td>
<td>TestDemo.BasePageTest@d041cf</td></tr>
<tr>
<td title='TestDemo.CreateAccountTest.initializeTestBaseSetup()'><b>initializeTestBaseSetup</b><br>Test class: TestDemo.CreateAccountTest</td>
<td></td>
<td>0</td>
<td>TestDemo.CreateAccountTest@129a8472</td></tr>
<tr>
<td title='TestDemo.CreateAccountTest.setUp()'><b>setUp</b><br>Test class: TestDemo.CreateAccountTest</td>
<td></td>
<td>0</td>
<td>TestDemo.CreateAccountTest@129a8472</td></tr>
<tr>
<td title='TestDemo.BasePageTest.tearDown()'><b>tearDown</b><br>Test class: TestDemo.BasePageTest</td>
<td></td>
<td>0</td>
<td>TestDemo.BasePageTest@d041cf</td></tr>
<tr>
<td title='TestDemo.CreateAccountTest.tearDown()'><b>tearDown</b><br>Test class: TestDemo.CreateAccountTest</td>
<td></td>
<td>0</td>
<td>TestDemo.CreateAccountTest@129a8472</td></tr>
</table><p>
<table width='100%' border='1' class='invocation-failed'>
<tr><td colspan='4' align='center'><b>FAILED TESTS</b></td></tr>
<tr><td><b>Test method</b></td>
<td width="30%"><b>Exception</b></td>
<td width="10%"><b>Time (seconds)</b></td>
<td><b>Instance</b></td>
</tr>
<tr>
<td title='TestDemo.ExtentDemo.logDemo()'><b>logDemo</b><br>Test class: TestDemo.ExtentDemo<br/>
<a href="#Output-210281271" onClick='toggleBox("Output-210281271", this, "Show output", "Hide output");'>Show output</a>

<a href="#Output-210281271" onClick="toggleAllBoxes();">Show all outputs</a>
<div class='log' id="Output-210281271">
this is our log<br/>
</div>
</td>
<td><div><pre>java.lang.RuntimeException: our own exception
	at TestDemo.ExtentDemo.logDemo(ExtentDemo.java:22)
... Removed 23 stack frames</pre></div><a href='#' onClick='toggleBox("stack-trace210281271", this, "Click to show all stack frames", "Click to hide stack frames")'>Click to show all stack frames</a>
<div class='stack-trace' id='stack-trace210281271'><pre>java.lang.RuntimeException: our own exception
	at TestDemo.ExtentDemo.logDemo(ExtentDemo.java:22)
	at sun.reflect.NativeMethodAccessorImpl.invoke0(Native Method)
	at sun.reflect.NativeMethodAccessorImpl.invoke(NativeMethodAccessorImpl.java:62)
	at sun.reflect.DelegatingMethodAccessorImpl.invoke(DelegatingMethodAccessorImpl.java:43)
	at java.lang.reflect.Method.invoke(Method.java:498)
	at org.testng.internal.MethodInvocationHelper.invokeMethod(MethodInvocationHelper.java:86)
	at org.testng.internal.Invoker.invokeMethod(Invoker.java:643)
	at org.testng.internal.Invoker.invokeTestMethod(Invoker.java:820)
	at org.testng.internal.Invoker.invokeTestMethods(Invoker.java:1128)
	at org.testng.internal.TestMethodWorker.invokeTestMethods(TestMethodWorker.java:129)
	at org.testng.internal.TestMethodWorker.run(TestMethodWorker.java:112)
	at org.testng.TestRunner.privateRun(TestRunner.java:782)
	at org.testng.TestRunner.run(TestRunner.java:632)
	at org.testng.SuiteRunner.runTest(SuiteRunner.java:366)
	at org.testng.SuiteRunner.runSequentially(SuiteRunner.java:361)
	at org.testng.SuiteRunner.privateRun(SuiteRunner.java:319)
	at org.testng.SuiteRunner.run(SuiteRunner.java:268)
	at org.testng.SuiteRunnerWorker.runSuite(SuiteRunnerWorker.java:52)
	at org.testng.SuiteRunnerWorker.run(SuiteRunnerWorker.java:86)
	at org.testng.TestNG.runSuitesSequentially(TestNG.java:1244)
	at org.testng.TestNG.runSuitesLocally(TestNG.java:1169)
	at org.testng.TestNG.run(TestNG.java:1064)
	at org.testng.IDEARemoteTestNG.run(IDEARemoteTestNG.java:73)
	at org.testng.RemoteTestNGStarter.main(RemoteTestNGStarter.java:123)
</pre></div></td>
<td>0</td>
<td>TestDemo.ExtentDemo@1b0375b3</td></tr>
<tr>
<td title='TestDemo.MySeleniumTest1.test03()'><b>test03</b><br>Test class: TestDemo.MySeleniumTest1</td>
<td><div><pre>java.lang.AssertionError: expected [true] but found [false]
	at TestDemo.MySeleniumTest1.test03(MySeleniumTest1.java:41)
... Removed 27 stack frames</pre></div><a href='#' onClick='toggleBox("stack-trace2052915500", this, "Click to show all stack frames", "Click to hide stack frames")'>Click to show all stack frames</a>
<div class='stack-trace' id='stack-trace2052915500'><pre>java.lang.AssertionError: expected [true] but found [false]
	at org.testng.Assert.fail(Assert.java:94)
	at org.testng.Assert.failNotEquals(Assert.java:513)
	at org.testng.Assert.assertTrue(Assert.java:42)
	at org.testng.Assert.assertTrue(Assert.java:52)
	at TestDemo.MySeleniumTest1.test03(MySeleniumTest1.java:41)
	at sun.reflect.NativeMethodAccessorImpl.invoke0(Native Method)
	at sun.reflect.NativeMethodAccessorImpl.invoke(NativeMethodAccessorImpl.java:62)
	at sun.reflect.DelegatingMethodAccessorImpl.invoke(DelegatingMethodAccessorImpl.java:43)
	at java.lang.reflect.Method.invoke(Method.java:498)
	at org.testng.internal.MethodInvocationHelper.invokeMethod(MethodInvocationHelper.java:86)
	at org.testng.internal.Invoker.invokeMethod(Invoker.java:643)
	at org.testng.internal.Invoker.invokeTestMethod(Invoker.java:820)
	at org.testng.internal.Invoker.invokeTestMethods(Invoker.java:1128)
	at org.testng.internal.TestMethodWorker.invokeTestMethods(TestMethodWorker.java:129)
	at org.testng.internal.TestMethodWorker.run(TestMethodWorker.java:112)
	at org.testng.TestRunner.privateRun(TestRunner.java:782)
	at org.testng.TestRunner.run(TestRunner.java:632)
	at org.testng.SuiteRunner.runTest(SuiteRunner.java:366)
	at org.testng.SuiteRunner.runSequentially(SuiteRunner.java:361)
	at org.testng.SuiteRunner.privateRun(SuiteRunner.java:319)
	at org.testng.SuiteRunner.run(SuiteRunner.java:268)
	at org.testng.SuiteRunnerWorker.runSuite(SuiteRunnerWorker.java:52)
	at org.testng.SuiteRunnerWorker.run(SuiteRunnerWorker.java:86)
	at org.testng.TestNG.runSuitesSequentially(TestNG.java:1244)
	at org.testng.TestNG.runSuitesLocally(TestNG.java:1169)
	at org.testng.TestNG.run(TestNG.java:1064)
	at org.testng.IDEARemoteTestNG.run(IDEARemoteTestNG.java:73)
	at org.testng.RemoteTestNGStarter.main(RemoteTestNGStarter.java:123)
</pre></div></td>
<td>0</td>
<td>TestDemo.MySeleniumTest1@3cb5cdba</td></tr>
<tr>
<td title='TestDemo.MySeleniumTest1.test05()'><b>test05</b><br>Test class: TestDemo.MySeleniumTest1</td>
<td><div><pre>java.lang.AssertionError: expected [true] but found [false]
	at TestDemo.MySeleniumTest1.test05(MySeleniumTest1.java:52)
... Removed 27 stack frames</pre></div><a href='#' onClick='toggleBox("stack-trace759156157", this, "Click to show all stack frames", "Click to hide stack frames")'>Click to show all stack frames</a>
<div class='stack-trace' id='stack-trace759156157'><pre>java.lang.AssertionError: expected [true] but found [false]
	at org.testng.Assert.fail(Assert.java:94)
	at org.testng.Assert.failNotEquals(Assert.java:513)
	at org.testng.Assert.assertTrue(Assert.java:42)
	at org.testng.Assert.assertTrue(Assert.java:52)
	at TestDemo.MySeleniumTest1.test05(MySeleniumTest1.java:52)
	at sun.reflect.NativeMethodAccessorImpl.invoke0(Native Method)
	at sun.reflect.NativeMethodAccessorImpl.invoke(NativeMethodAccessorImpl.java:62)
	at sun.reflect.DelegatingMethodAccessorImpl.invoke(DelegatingMethodAccessorImpl.java:43)
	at java.lang.reflect.Method.invoke(Method.java:498)
	at org.testng.internal.MethodInvocationHelper.invokeMethod(MethodInvocationHelper.java:86)
	at org.testng.internal.Invoker.invokeMethod(Invoker.java:643)
	at org.testng.internal.Invoker.invokeTestMethod(Invoker.java:820)
	at org.testng.internal.Invoker.invokeTestMethods(Invoker.java:1128)
	at org.testng.internal.TestMethodWorker.invokeTestMethods(TestMethodWorker.java:129)
	at org.testng.internal.TestMethodWorker.run(TestMethodWorker.java:112)
	at org.testng.TestRunner.privateRun(TestRunner.java:782)
	at org.testng.TestRunner.run(TestRunner.java:632)
	at org.testng.SuiteRunner.runTest(SuiteRunner.java:366)
	at org.testng.SuiteRunner.runSequentially(SuiteRunner.java:361)
	at org.testng.SuiteRunner.privateRun(SuiteRunner.java:319)
	at org.testng.SuiteRunner.run(SuiteRunner.java:268)
	at org.testng.SuiteRunnerWorker.runSuite(SuiteRunnerWorker.java:52)
	at org.testng.SuiteRunnerWorker.run(SuiteRunnerWorker.java:86)
	at org.testng.TestNG.runSuitesSequentially(TestNG.java:1244)
	at org.testng.TestNG.runSuitesLocally(TestNG.java:1169)
	at org.testng.TestNG.run(TestNG.java:1064)
	at org.testng.IDEARemoteTestNG.run(IDEARemoteTestNG.java:73)
	at org.testng.RemoteTestNGStarter.main(RemoteTestNGStarter.java:123)
</pre></div></td>
<td>0</td>
<td>TestDemo.MySeleniumTest1@3cb5cdba</td></tr>
<tr>
<td title='TestDemo.ExtentDemo.test1()'><b>test1</b><br>Test class: TestDemo.ExtentDemo</td>
<td><div><pre>java.lang.AssertionError: expected [true] but found [false]
	at TestDemo.ExtentDemo.test1(ExtentDemo.java:11)
... Removed 27 stack frames</pre></div><a href='#' onClick='toggleBox("stack-trace1213818572", this, "Click to show all stack frames", "Click to hide stack frames")'>Click to show all stack frames</a>
<div class='stack-trace' id='stack-trace1213818572'><pre>java.lang.AssertionError: expected [true] but found [false]
	at org.testng.Assert.fail(Assert.java:94)
	at org.testng.Assert.failNotEquals(Assert.java:513)
	at org.testng.Assert.assertTrue(Assert.java:42)
	at org.testng.Assert.assertTrue(Assert.java:52)
	at TestDemo.ExtentDemo.test1(ExtentDemo.java:11)
	at sun.reflect.NativeMethodAccessorImpl.invoke0(Native Method)
	at sun.reflect.NativeMethodAccessorImpl.invoke(NativeMethodAccessorImpl.java:62)
	at sun.reflect.DelegatingMethodAccessorImpl.invoke(DelegatingMethodAccessorImpl.java:43)
	at java.lang.reflect.Method.invoke(Method.java:498)
	at org.testng.internal.MethodInvocationHelper.invokeMethod(MethodInvocationHelper.java:86)
	at org.testng.internal.Invoker.invokeMethod(Invoker.java:643)
	at org.testng.internal.Invoker.invokeTestMethod(Invoker.java:820)
	at org.testng.internal.Invoker.invokeTestMethods(Invoker.java:1128)
	at org.testng.internal.TestMethodWorker.invokeTestMethods(TestMethodWorker.java:129)
	at org.testng.internal.TestMethodWorker.run(TestMethodWorker.java:112)
	at org.testng.TestRunner.privateRun(TestRunner.java:782)
	at org.testng.TestRunner.run(TestRunner.java:632)
	at org.testng.SuiteRunner.runTest(SuiteRunner.java:366)
	at org.testng.SuiteRunner.runSequentially(SuiteRunner.java:361)
	at org.testng.SuiteRunner.privateRun(SuiteRunner.java:319)
	at org.testng.SuiteRunner.run(SuiteRunner.java:268)
	at org.testng.SuiteRunnerWorker.runSuite(SuiteRunnerWorker.java:52)
	at org.testng.SuiteRunnerWorker.run(SuiteRunnerWorker.java:86)
	at org.testng.TestNG.runSuitesSequentially(TestNG.java:1244)
	at org.testng.TestNG.runSuitesLocally(TestNG.java:1169)
	at org.testng.TestNG.run(TestNG.java:1064)
	at org.testng.IDEARemoteTestNG.run(IDEARemoteTestNG.java:73)
	at org.testng.RemoteTestNGStarter.main(RemoteTestNGStarter.java:123)
</pre></div></td>
<td>0</td>
<td>TestDemo.ExtentDemo@1b0375b3</td></tr>
</table><p>
<table width='100%' border='1' class='invocation-passed'>
<tr><td colspan='4' align='center'><b>PASSED TESTS</b></td></tr>
<tr><td><b>Test method</b></td>
<td width="30%"><b>Exception</b></td>
<td width="10%"><b>Time (seconds)</b></td>
<td><b>Instance</b></td>
</tr>
<tr>
<td title='TestDemo.AppTest.shouldAnswerWithTrue()'><b>shouldAnswerWithTrue</b><br>Test class: TestDemo.AppTest</td>
<td></td>
<td>0</td>
<td>TestDemo.AppTest@1134affc</td></tr>
<tr>
<td title='TestDemo.MySeleniumTest1.test04()'><b>test04</b><br>Test class: TestDemo.MySeleniumTest1</td>
<td></td>
<td>0</td>
<td>TestDemo.MySeleniumTest1@3cb5cdba</td></tr>
<tr>
<td title='TestDemo.ExtentDemo.test2()'><b>test2</b><br>Test class: TestDemo.ExtentDemo</td>
<td></td>
<td>0</td>
<td>TestDemo.ExtentDemo@1b0375b3</td></tr>
<tr>
<td title='TestDemo.MySeleniumTest1.testcase1()'><b>testcase1</b><br>Test class: TestDemo.MySeleniumTest1</td>
<td></td>
<td>3</td>
<td>TestDemo.MySeleniumTest1@3cb5cdba</td></tr>
<tr>
<td title='TestDemo.MySeleniumTest1.testcase2()'><b>testcase2</b><br>Test class: TestDemo.MySeleniumTest1</td>
<td></td>
<td>0</td>
<td>TestDemo.MySeleniumTest1@3cb5cdba</td></tr>
</table><p>
<table width='100%' border='1' class='invocation-skipped'>
<tr><td colspan='4' align='center'><b>SKIPPED TESTS</b></td></tr>
<tr><td><b>Test method</b></td>
<td width="30%"><b>Exception</b></td>
<td width="10%"><b>Time (seconds)</b></td>
<td><b>Instance</b></td>
</tr>
<tr>
<td title='TestDemo.BasePageTest.baseTest1()'><b>baseTest1</b><br>Test class: TestDemo.BasePageTest</td>
<td></td>
<td>0</td>
<td>TestDemo.BasePageTest@d041cf</td></tr>
<tr>
<td title='TestDemo.BasePageTest.baseTest2()'><b>baseTest2</b><br>Test class: TestDemo.BasePageTest</td>
<td></td>
<td>0</td>
<td>TestDemo.BasePageTest@d041cf</td></tr>
<tr>
<td title='TestDemo.BasePageTest.baseTest3()'><b>baseTest3</b><br>Test class: TestDemo.BasePageTest</td>
<td></td>
<td>0</td>
<td>TestDemo.BasePageTest@d041cf</td></tr>
<tr>
<td title='TestDemo.CreateAccountTest.createAccountExample1()'><b>createAccountExample1</b><br>Test class: TestDemo.CreateAccountTest</td>
<td></td>
<td>0</td>
<td>TestDemo.CreateAccountTest@129a8472</td></tr>
<tr>
<td title='TestDemo.CreateAccountTest.createAccountExample2()'><b>createAccountExample2</b><br>Test class: TestDemo.CreateAccountTest</td>
<td></td>
<td>0</td>
<td>TestDemo.CreateAccountTest@129a8472</td></tr>
<tr>
<td title='TestDemo.CreateAccountTest.verifyCreateAnAccountPage()'><b>verifyCreateAnAccountPage</b><br>Test class: TestDemo.CreateAccountTest</td>
<td></td>
<td>0</td>
<td>TestDemo.CreateAccountTest@129a8472</td></tr>
<tr>
<td title='TestDemo.BasePageTest.verifyHomePage()'><b>verifyHomePage</b><br>Test class: TestDemo.BasePageTest</td>
<td></td>
<td>0</td>
<td>TestDemo.BasePageTest@d041cf</td></tr>
</table><p>
</body>
</html>