<!DOCTYPE html PUBLIC "-//W3C//DTD XHTML 1.1//EN" "http://www.w3.org/TR/xhtml11/DTD/xhtml11.dtd">
<html xmlns="http://www.w3.org/1999/xhtml"><head><title>TestNG Report</title><style type="text/css">table {margin-bottom:10px;border-collapse:collapse;empty-cells:show}th,td {border:1px solid #009;padding:.25em .5em}th {vertical-align:bottom}td {vertical-align:top}table a {font-weight:bold}.stripe td {background-color: #E6EBF9}.num {text-align:right}.passedodd td {background-color: #3F3}.passedeven td {background-color: #0A0}.skippedodd td {background-color: #DDD}.skippedeven td {background-color: #CCC}.failedodd td,.attn {background-color: #F33}.failedeven td,.stripe .attn {background-color: #D00}.stacktrace {white-space:pre;font-family:monospace}.totop {font-size:85%;text-align:center;border-bottom:2px solid #000}</style></head><body><table><tr><th>Test</th><th># Passed</th><th># Skipped</th><th># Failed</th><th>Time (ms)</th><th>Included Groups</th><th>Excluded Groups</th></tr><tr><th colspan="7">Default Suite</th></tr><tr><td><a href="#t0">com.test</a></td><td class="num">5</td><td class="num attn">7</td><td class="num attn">4</td><td class="num">3,570</td><td></td><td></td></tr></table><table><thead><tr><th>Class</th><th>Method</th><th>Start</th><th>Time (ms)</th></tr></thead><tbody><tr><th colspan="4">Default Suite</th></tr></tbody><tbody id="t0"><tr><th colspan="4">com.test &#8212; failed (configuration methods)</th></tr><tr class="failedeven"><td rowspan="1">TestDemo.BasePageTest</td><td><a href="#m0">initializeTestBaseSetup</a></td><td rowspan="1">1545655735581</td><td rowspan="1">0</td></tr><tr><th colspan="4">com.test &#8212; failed</th></tr><tr class="failedeven"><td rowspan="2">TestDemo.ExtentDemo</td><td><a href="#m1">logDemo</a></td><td rowspan="1">1545655735599</td><td rowspan="1">1</td></tr><tr class="failedeven"><td><a href="#m2">test1</a></td><td rowspan="1">1545655735601</td><td rowspan="1">1</td></tr><tr class="failedodd"><td rowspan="2">TestDemo.MySeleniumTest1</td><td><a href="#m3">test03</a></td><td rowspan="1">1545655732062</td><td rowspan="1">58</td></tr><tr class="failedodd"><td><a href="#m4">test05</a></td><td rowspan="1">1545655732151</td><td rowspan="1">1</td></tr><tr><th colspan="4">com.test &#8212; skipped (configuration methods)</th></tr><tr class="skippedeven"><td rowspan="2">TestDemo.BasePageTest</td><td><a href="#m5">setUp</a></td><td rowspan="1">1545655735583</td><td rowspan="1">0</td></tr><tr class="skippedeven"><td><a href="#m6">tearDown</a></td><td rowspan="1">1545655735587</td><td rowspan="1">0</td></tr><tr class="skippedodd"><td rowspan="3">TestDemo.CreateAccountTest</td><td><a href="#m7">initializeTestBaseSetup</a></td><td rowspan="1">1545655735595</td><td rowspan="1">0</td></tr><tr class="skippedodd"><td><a href="#m8">setUp</a></td><td rowspan="1">1545655735596</td><td rowspan="1">0</td></tr><tr class="skippedodd"><td><a href="#m9">tearDown</a></td><td rowspan="1">1545655735598</td><td rowspan="1">0</td></tr><tr><th colspan="4">com.test &#8212; skipped</th></tr><tr class="skippedeven"><td rowspan="4">TestDemo.BasePageTest</td><td><a href="#m10">baseTest1</a></td><td rowspan="1">1545655735584</td><td rowspan="1">0</td></tr><tr class="skippedeven"><td><a href="#m11">baseTest2</a></td><td rowspan="1">1545655735585</td><td rowspan="1">1</td></tr><tr class="skippedeven"><td><a href="#m12">baseTest3</a></td><td rowspan="1">1545655735586</td><td rowspan="1">0</td></tr><tr class="skippedeven"><td><a href="#m13">verifyHomePage</a></td><td rowspan="1">1545655735586</td><td rowspan="1">1</td></tr><tr class="skippedodd"><td rowspan="3">TestDemo.CreateAccountTest</td><td><a href="#m14">createAccountExample1</a></td><td rowspan="1">1545655735596</td><td rowspan="1">1</td></tr><tr class="skippedodd"><td><a href="#m15">createAccountExample2</a></td><td rowspan="1">1545655735597</td><td rowspan="1">0</td></tr><tr class="skippedodd"><td><a href="#m16">verifyCreateAnAccountPage</a></td><td rowspan="1">1545655735598</td><td rowspan="1">0</td></tr><tr><th colspan="4">com.test &#8212; passed</th></tr><tr class="passedeven"><td rowspan="1">TestDemo.AppTest</td><td><a href="#m17">shouldAnswerWithTrue</a></td><td rowspan="1">1545655735599</td><td rowspan="1">0</td></tr><tr class="passedodd"><td rowspan="1">TestDemo.ExtentDemo</td><td><a href="#m18">test2</a></td><td rowspan="1">1545655735603</td><td rowspan="1">1</td></tr><tr class="passedeven"><td rowspan="3">TestDemo.MySeleniumTest1</td><td><a href="#m19">test04</a></td><td rowspan="1">1545655735592</td><td rowspan="1">1</td></tr><tr class="passedeven"><td><a href="#m20">testcase1</a></td><td rowspan="1">1545655732154</td><td rowspan="1">3425</td></tr><tr class="passedeven"><td><a href="#m21">testcase2</a></td><td rowspan="1">1545655735580</td><td rowspan="1">0</td></tr></tbody></table><h2>com.test</h2><h3 id="m0">TestDemo.BasePageTest#initializeTestBaseSetup</h3><table class="result"><tr><th>Exception</th></tr><tr><td><div class="stacktrace">org.testng.TestNGException: 
Parameter &apos;browserType&apos; is required by @Configuration on method initializeTestBaseSetup but has not been marked @Optional or defined
in /Users/caomengmeng/Library/Caches/IntelliJIdea2018.3/temp-testng-customsuite.xml
... Removed 20 stack frames</div></td></tr></table><p class="totop"><a href="#summary">back to summary</a></p><h3 id="m1">TestDemo.ExtentDemo#logDemo</h3><table class="result"><tr><th>Messages</th></tr><tr><td><div class="messages">this is our log</div></td></tr><tr><th>Exception</th></tr><tr><td><div class="stacktrace">java.lang.RuntimeException: our own exception
	at TestDemo.ExtentDemo.logDemo(ExtentDemo.java:22)
... Removed 23 stack frames</div></td></tr></table><p class="totop"><a href="#summary">back to summary</a></p><h3 id="m2">TestDemo.ExtentDemo#test1</h3><table class="result"><tr><th>Exception</th></tr><tr><td><div class="stacktrace">java.lang.AssertionError: expected [true] but found [false]
	at TestDemo.ExtentDemo.test1(ExtentDemo.java:11)
... Removed 27 stack frames</div></td></tr></table><p class="totop"><a href="#summary">back to summary</a></p><h3 id="m3">TestDemo.MySeleniumTest1#test03</h3><table class="result"><tr><th>Exception</th></tr><tr><td><div class="stacktrace">java.lang.AssertionError: expected [true] but found [false]
	at TestDemo.MySeleniumTest1.test03(MySeleniumTest1.java:41)
... Removed 27 stack frames</div></td></tr></table><p class="totop"><a href="#summary">back to summary</a></p><h3 id="m4">TestDemo.MySeleniumTest1#test05</h3><table class="result"><tr><th>Exception</th></tr><tr><td><div class="stacktrace">java.lang.AssertionError: expected [true] but found [false]
	at TestDemo.MySeleniumTest1.test05(MySeleniumTest1.java:52)
... Removed 27 stack frames</div></td></tr></table><p class="totop"><a href="#summary">back to summary</a></p><h3 id="m5">TestDemo.BasePageTest#setUp</h3><table class="result"></table><p class="totop"><a href="#summary">back to summary</a></p><h3 id="m6">TestDemo.BasePageTest#tearDown</h3><table class="result"></table><p class="totop"><a href="#summary">back to summary</a></p><h3 id="m7">TestDemo.CreateAccountTest#initializeTestBaseSetup</h3><table class="result"></table><p class="totop"><a href="#summary">back to summary</a></p><h3 id="m8">TestDemo.CreateAccountTest#setUp</h3><table class="result"></table><p class="totop"><a href="#summary">back to summary</a></p><h3 id="m9">TestDemo.CreateAccountTest#tearDown</h3><table class="result"></table><p class="totop"><a href="#summary">back to summary</a></p><h3 id="m10">TestDemo.BasePageTest#baseTest1</h3><table class="result"></table><p class="totop"><a href="#summary">back to summary</a></p><h3 id="m11">TestDemo.BasePageTest#baseTest2</h3><table class="result"></table><p class="totop"><a href="#summary">back to summary</a></p><h3 id="m12">TestDemo.BasePageTest#baseTest3</h3><table class="result"></table><p class="totop"><a href="#summary">back to summary</a></p><h3 id="m13">TestDemo.BasePageTest#verifyHomePage</h3><table class="result"></table><p class="totop"><a href="#summary">back to summary</a></p><h3 id="m14">TestDemo.CreateAccountTest#createAccountExample1</h3><table class="result"></table><p class="totop"><a href="#summary">back to summary</a></p><h3 id="m15">TestDemo.CreateAccountTest#createAccountExample2</h3><table class="result"></table><p class="totop"><a href="#summary">back to summary</a></p><h3 id="m16">TestDemo.CreateAccountTest#verifyCreateAnAccountPage</h3><table class="result"></table><p class="totop"><a href="#summary">back to summary</a></p><h3 id="m17">TestDemo.AppTest#shouldAnswerWithTrue</h3><table class="result"></table><p class="totop"><a href="#summary">back to summary</a></p><h3 id="m18">TestDemo.ExtentDemo#test2</h3><table class="result"></table><p class="totop"><a href="#summary">back to summary</a></p><h3 id="m19">TestDemo.MySeleniumTest1#test04</h3><table class="result"></table><p class="totop"><a href="#summary">back to summary</a></p><h3 id="m20">TestDemo.MySeleniumTest1#testcase1</h3><table class="result"></table><p class="totop"><a href="#summary">back to summary</a></p><h3 id="m21">TestDemo.MySeleniumTest1#testcase2</h3><table class="result"></table><p class="totop"><a href="#summary">back to summary</a></p></body></html>